expr: syntax error: missing argument after ‘-’
received from SLURM HECACC=n02-NES010475,IMGNAME=julia_container_v1_6.img,JDEPOT=/work/n02/n02/aleey/wavi/WAVIhpc/.julia,JOBNO=010,TIMEQSTART=

signal (15): Terminated
in expression starting at /mnt/lustre/a2fs-work2/work/n02/n02/aleey/wavi/WAVIhpc/cases/PIG-Thwaites-Relax/cases/INVREL_010/run/driver.jl:186
_broadcast_zeropres! at /buildworker/worker/package_linux64/build/usr/share/julia/stdlib/v1.6/SparseArrays/src/higherorderfns.jl:603
_diffshape_broadcast at /buildworker/worker/package_linux64/build/usr/share/julia/stdlib/v1.6/SparseArrays/src/higherorderfns.jl:195
_copy at /buildworker/worker/package_linux64/build/usr/share/julia/stdlib/v1.6/SparseArrays/src/higherorderfns.jl:1017 [inlined]
copy at /buildworker/worker/package_linux64/build/usr/share/julia/stdlib/v1.6/SparseArrays/src/higherorderfns.jl:1132 [inlined]
materialize at ./broadcast.jl:883 [inlined]
get_rhs at /opt/julia/packages/WAVI/us1O6/src/Models/update_velocities.jl:81
update_velocities! at /opt/julia/packages/WAVI/us1O6/src/Models/update_velocities.jl:13
update_model_velocities! at /opt/julia/packages/WAVI/us1O6/src/Models/update_state.jl:155 [inlined]
update_state! at /opt/julia/packages/WAVI/us1O6/src/Models/update_state.jl:16
timestep! at /opt/julia/packages/WAVI/us1O6/src/Simulations/run_simulation.jl:8 [inlined]
run_simulation! at /opt/julia/packages/WAVI/us1O6/src/Simulations/run_simulation.jl:64
driver at /mnt/lustre/a2fs-work2/work/n02/n02/aleey/wavi/WAVIhpc/cases/PIG-Thwaites-Relax/cases/INVREL_010/run/driver.jl:179
unknown function (ip: 0x2acc6136c55c)
_jl_invoke at /buildworker/worker/package_linux64/build/src/gf.c:2237 [inlined]
jl_apply_generic at /buildworker/worker/package_linux64/build/src/gf.c:2419
jl_apply at /buildworker/worker/package_linux64/build/src/julia.h:1703 [inlined]
do_call at /buildworker/worker/package_linux64/build/src/interpreter.c:115
eval_value at /buildworker/worker/package_linux64/build/src/interpreter.c:204
eval_stmt_value at /buildworker/worker/package_linux64/build/src/interpreter.c:155 [inlined]
eval_body at /buildworker/worker/package_linux64/build/src/interpreter.c:562
jl_interpret_toplevel_thunk at /buildworker/worker/package_linux64/build/src/interpreter.c:670
jl_toplevel_eval_flex at /buildworker/worker/package_linux64/build/src/toplevel.c:877
jl_toplevel_eval_flex at /buildworker/worker/package_linux64/build/src/toplevel.c:825
jl_toplevel_eval_in at /buildworker/worker/package_linux64/build/src/toplevel.c:929
eval at ./boot.jl:360 [inlined]
include_string at ./loading.jl:1094
_jl_invoke at /buildworker/worker/package_linux64/build/src/gf.c:2237 [inlined]
jl_apply_generic at /buildworker/worker/package_linux64/build/src/gf.c:2419
_include at ./loading.jl:1148
include at ./Base.jl:386
_jl_invoke at /buildworker/worker/package_linux64/build/src/gf.c:2237 [inlined]
jl_apply_generic at /buildworker/worker/package_linux64/build/src/gf.c:2419
exec_options at ./client.jl:285
_start at ./client.jl:485
jfptr__start_34289.clone_1 at /usr/local/julia/lib/julia/sys.so (unknown line)
_jl_invoke at /buildworker/worker/package_linux64/build/src/gf.c:2237 [inlined]
jl_apply_generic at /buildworker/worker/package_linux64/build/src/gf.c:2419
jl_apply at /buildworker/worker/package_linux64/build/src/julia.h:1703 [inlined]
true_main at /buildworker/worker/package_linux64/build/src/jlapi.c:560
repl_entrypoint at /buildworker/worker/package_linux64/build/src/jlapi.c:702
main at /buildworker/worker/package_linux64/build/cli/loader_exe.c:51
__libc_start_main at /lib/x86_64-linux-gnu/libc.so.6 (unknown line)
_start at /usr/local/julia/bin/julia (unknown line)
unknown function (ip: (nil))
Allocations: 590822485 (Pool: 589515221; Big: 1307264); GC: 1581675

signal (15): Terminated
in expression starting at /mnt/lustre/a2fs-work2/work/n02/n02/aleey/wavi/WAVIhpc/cases/PIG-Thwaites-Relax/cases/INVREL_010/run/driver.jl:186
unknown function (ip: 0x2acbe3638172)
Starting to make the modelAbout to make simulationdetected niter0 > 0 (niter0 = 9600). Looking for pickup...
Pickup successful
The simulation is mademaking temporary checkpoint at timestep number 9700
making permanent checkpoint at timestep number 9700
outputting at timestep number 9700
making temporary checkpoint at timestep number 9800
making permanent checkpoint at timestep number 9800
outputting at timestep number 9800
making temporary checkpoint at timestep number 9900
making permanent checkpoint at timestep number 9900
outputting at timestep number 9900
making temporary checkpoint at timestep number 10000
making permanent checkpoint at timestep number 10000
outputting at timestep number 10000
making temporary checkpoint at timestep number 10100
making permanent checkpoint at timestep number 10100
outputting at timestep number 10100
making temporary checkpoint at timestep number 10200
making permanent checkpoint at timestep number 10200
outputting at timestep number 10200
making temporary checkpoint at timestep number 10300
making permanent checkpoint at timestep number 10300
outputting at timestep number 10300
making temporary checkpoint at timestep number 10400
making permanent checkpoint at timestep number 10400
outputting at timestep number 10400
making temporary checkpoint at timestep number 10500
making permanent checkpoint at timestep number 10500
outputting at timestep number 10500
making temporary checkpoint at timestep number 10600
making permanent checkpoint at timestep number 10600
outputting at timestep number 10600
making temporary checkpoint at timestep number 10700
making permanent checkpoint at timestep number 10700
outputting at timestep number 10700
making temporary checkpoint at timestep number 10800
making permanent checkpoint at timestep number 10800
outputting at timestep number 10800
making temporary checkpoint at timestep number 10900
making permanent checkpoint at timestep number 10900
outputting at timestep number 10900
making temporary checkpoint at timestep number 11000
making permanent checkpoint at timestep number 11000
outputting at timestep number 11000
making temporary checkpoint at timestep number 11100
making permanent checkpoint at timestep number 11100
outputting at timestep number 11100
making temporary checkpoint at timestep number 11200
making permanent checkpoint at timestep number 11200
outputting at timestep number 11200
making temporary checkpoint at timestep number 11300
making permanent checkpoint at timestep number 11300
outputting at timestep number 11300
making temporary checkpoint at timestep number 11400
making permanent checkpoint at timestep number 11400
outputting at timestep number 11400
making temporary checkpoint at timestep number 11500
making permanent checkpoint at timestep number 11500
outputting at timestep number 11500
making temporary checkpoint at timestep number 11600
making permanent checkpoint at timestep number 11600
outputting at timestep number 11600
making temporary checkpoint at timestep number 11700
making permanent checkpoint at timestep number 11700
outputting at timestep number 11700
jl_symbol at /buildworker/worker/package_linux64/build/src/symbol.c:103
jl_atexit_hook at /buildworker/worker/package_linux64/build/src/init.c:218
jl_exit at /buildworker/worker/package_linux64/build/src/jl_uv.c:632
jl_exit_thread0_cb at /buildworker/worker/package_linux64/build/src/signals-unix.c:353
unknown function (ip: (nil))
unknown function (ip: (nil))
Allocations: 590822485 (Pool: 589515221; Big: 1307264); GC: 1581675
job chain: leave_time activated, exit code 124
job chain did not finish
job chain: pickup from permanent checkpoint
niter0 = 11700
Submitted batch job 1420385
