expr: syntax error: missing argument after ‘-’
received from SLURM HECACC=n02-NES010475,IMGNAME=julia_container_v1_6.img,JDEPOT=/work/n02/n02/aleey/wavi/WAVIhpc/.julia,JOBNO=010,TIMEQSTART=

signal (15): Terminated
in expression starting at /mnt/lustre/a2fs-work2/work/n02/n02/aleey/wavi/WAVIhpc/cases/PIG-Thwaites-Relax/cases/INVREL_010/run/driver.jl:186
setindex! at ./array.jl:839 [inlined]
fill! at ./array.jl:335 [inlined]
mul! at /buildworker/worker/package_linux64/build/usr/share/julia/stdlib/v1.6/SparseArrays/src/linalg.jl:127
* at /buildworker/worker/package_linux64/build/usr/share/julia/stdlib/v1.6/SparseArrays/src/linalg.jl:142 [inlined]
_kronmul! at /opt/julia/packages/LinearMaps/rkm0W/src/kronecker.jl:154 [inlined]
_unsafe_mul! at /opt/julia/packages/LinearMaps/rkm0W/src/kronecker.jl:173
mul! at /opt/julia/packages/LinearMaps/rkm0W/src/LinearMaps.jl:163
* at /opt/julia/packages/LinearMaps/rkm0W/src/LinearMaps.jl:131 [inlined]
prolongvec at /opt/julia/packages/WAVI/us1O6/src/utilities.jl:62
prolong_fun at /opt/julia/packages/WAVI/us1O6/src/Wavelets/update_preconditioners.jl:19 [inlined]
_unsafe_mul! at /opt/julia/packages/LinearMaps/rkm0W/src/functionmap.jl:114 [inlined]
_compositemul! at /opt/julia/packages/LinearMaps/rkm0W/src/composition.jl:213
_compositemul! at /opt/julia/packages/LinearMaps/rkm0W/src/composition.jl:212 [inlined]
_unsafe_mul! at /opt/julia/packages/LinearMaps/rkm0W/src/composition.jl:168 [inlined]
mul! at /opt/julia/packages/LinearMaps/rkm0W/src/LinearMaps.jl:163
iterate at /opt/julia/packages/IterativeSolvers/rhYBz/src/cg.jl:54
iterate at ./iterators.jl:159 [inlined]
#cg!#23 at /opt/julia/packages/IterativeSolvers/rhYBz/src/cg.jl:234
cg!##kw at /opt/julia/packages/IterativeSolvers/rhYBz/src/cg.jl:218
unknown function (ip: 0x2b1820550e48)
_jl_invoke at /buildworker/worker/package_linux64/build/src/gf.c:2237 [inlined]
jl_apply_generic at /buildworker/worker/package_linux64/build/src/gf.c:2419
precondition! at /opt/julia/packages/WAVI/us1O6/src/Wavelets/update_preconditioners.jl:59
update_velocities! at /opt/julia/packages/WAVI/us1O6/src/Models/update_velocities.jl:41
update_model_velocities! at /opt/julia/packages/WAVI/us1O6/src/Models/update_state.jl:155 [inlined]
update_state! at /opt/julia/packages/WAVI/us1O6/src/Models/update_state.jl:16
timestep! at /opt/julia/packages/WAVI/us1O6/src/Simulations/run_simulation.jl:8 [inlined]
run_simulation! at /opt/julia/packages/WAVI/us1O6/src/Simulations/run_simulation.jl:64
driver at /mnt/lustre/a2fs-work2/work/n02/n02/aleey/wavi/WAVIhpc/cases/PIG-Thwaites-Relax/cases/INVREL_010/run/driver.jl:179
unknown function (ip: 0x2b18204db2dc)
_jl_invoke at /buildworker/worker/package_linux64/build/src/gf.c:2237 [inlined]
jl_apply_generic at /buildworker/worker/package_linux64/build/src/gf.c:2419
jl_apply at /buildworker/worker/package_linux64/build/src/julia.h:1703 [inlined]
do_call at /buildworker/worker/package_linux64/build/src/interpreter.c:115
eval_value at /buildworker/worker/package_linux64/build/src/interpreter.c:204
eval_stmt_value at /buildworker/worker/package_linux64/build/src/interpreter.c:155 [inlined]
eval_body at /buildworker/worker/package_linux64/build/src/interpreter.c:562
jl_interpret_toplevel_thunk at /buildworker/worker/package_linux64/build/src/interpreter.c:670
jl_toplevel_eval_flex at /buildworker/worker/package_linux64/build/src/toplevel.c:877
jl_toplevel_eval_flex at /buildworker/worker/package_linux64/build/src/toplevel.c:825
jl_toplevel_eval_in at /buildworker/worker/package_linux64/build/src/toplevel.c:929
eval at ./boot.jl:360 [inlined]
include_string at ./loading.jl:1094
_jl_invoke at /buildworker/worker/package_linux64/build/src/gf.c:2237 [inlined]
jl_apply_generic at /buildworker/worker/package_linux64/build/src/gf.c:2419
_include at ./loading.jl:1148
include at ./Base.jl:386
_jl_invoke at /buildworker/worker/package_linux64/build/src/gf.c:2237 [inlined]
jl_apply_generic at /buildworker/worker/package_linux64/build/src/gf.c:2419
exec_options at ./client.jl:285
_start at ./client.jl:485
jfptr__start_34289.clone_1 at /usr/local/julia/lib/julia/sys.so (unknown line)
_jl_invoke at /buildworker/worker/package_linux64/build/src/gf.c:2237 [inlined]
jl_apply_generic at /buildworker/worker/package_linux64/build/src/gf.c:2419
jl_apply at /buildworker/worker/package_linux64/build/src/julia.h:1703 [inlined]
true_main at /buildworker/worker/package_linux64/build/src/jlapi.c:560
repl_entrypoint at /buildworker/worker/package_linux64/build/src/jlapi.c:702
main at /buildworker/worker/package_linux64/build/cli/loader_exe.c:51
__libc_start_main at /lib/x86_64-linux-gnu/libc.so.6 (unknown line)
_start at /usr/local/julia/bin/julia (unknown line)
unknown function (ip: (nil))
Allocations: 552041201 (Pool: 550833947; Big: 1207254); GC: 1341683

signal (15): Terminated
in expression starting at /mnt/lustre/a2fs-work2/work/n02/n02/aleey/wavi/WAVIhpc/cases/PIG-Thwaites-Relax/cases/INVREL_010/run/driver.jl:186
unknown function (ip: 0x2b17a25ac90d)
unsafe_copyto! at ./array.jl:271 [inlined]
getindex at ./array.jl:819
opvec at /opt/julia/packages/WAVI/us1O6/src/utilities.jl:17
op_fun at /opt/julia/packages/WAVI/us1O6/src/Models/update_velocities.jl:302 [inlined]
_unsafe_mul! at /opt/julia/packages/LinearMaps/rkm0W/src/functionmap.jl:114 [inlined]
_compositemul! at /opt/julia/packages/LinearMaps/rkm0W/src/composition.jl:216
_compositemul! at /opt/julia/packages/LinearMaps/rkm0W/src/composition.jl:212 [inlined]
_unsafe_mul! at /opt/julia/packages/LinearMaps/rkm0W/src/composition.jl:168 [inlined]
mul! at /opt/julia/packages/LinearMaps/rkm0W/src/LinearMaps.jl:163
iterate at /opt/julia/packages/IterativeSolvers/rhYBz/src/cg.jl:54
iterate at ./iterators.jl:159 [inlined]
#cg!#23 at /opt/julia/packages/IterativeSolvers/rhYBz/src/cg.jl:234
cg!##kw at /opt/julia/packages/IterativeSolvers/rhYBz/src/cg.jl:218
unknown function (ip: 0x2b1820550e48)
_jl_invoke at /buildworker/worker/package_linux64/build/src/gf.c:2237 [inlined]
jl_apply_generic at /buildworker/worker/package_linux64/build/src/gf.c:2419
precondition! at /opt/julia/packages/WAVI/us1O6/src/Wavelets/update_preconditioners.jl:59
update_velocities! at /opt/julia/packages/WAVI/us1O6/src/Models/update_velocities.jl:41
update_model_velocities! at /opt/julia/packages/WAVI/us1O6/src/Models/update_state.jl:155 [inlined]
update_state! at /opt/julia/packages/WAVI/us1O6/src/Models/update_state.jl:16
timestep! at /opt/julia/packages/WAVI/us1O6/src/Simulations/run_simulation.jl:8 [inlined]
run_simulation! at /opt/julia/packages/WAVI/us1O6/src/Simulations/run_simulation.jl:64
driver at /mnt/lustre/a2fs-work2/work/n02/n02/aleey/wavi/WAVIhpc/cases/PIG-Thwaites-Relax/cases/INVREL_010/run/driver.jl:179
unknown function (ip: 0x2b18204db2dc)
_jl_invoke at /buildworker/worker/package_linux64/build/src/gf.c:2237 [inlined]
jl_apply_generic at /buildworker/worker/package_linux64/build/src/gf.c:2419
jl_apply at /buildworker/worker/package_linux64/build/src/julia.h:1703 [inlined]
do_call at /buildworker/worker/package_linux64/build/src/interpreter.c:115
eval_value at /buildworker/worker/package_linux64/build/src/interpreter.c:204
eval_stmt_value at /buildworker/worker/package_linux64/build/src/interpreter.c:155 [inlined]
eval_body at /buildworker/worker/package_linux64/build/src/interpreter.c:562
jl_interpret_toplevel_thunk at /buildworker/worker/package_linux64/build/src/interpreter.c:670
jl_toplevel_eval_flex at /buildworker/worker/package_linux64/build/src/toplevel.c:877
jl_toplevel_eval_flex at /buildworker/worker/package_linux64/build/src/toplevel.c:825
jl_toplevel_eval_in at /buildworker/worker/package_linux64/build/src/toplevel.c:929
eval at ./boot.jl:360 [inlined]
include_string at ./loading.jl:1094
_jl_invoke at /buildworker/worker/package_linux64/build/src/gf.c:2237 [inlined]
jl_apply_generic at /buildworker/worker/package_linux64/build/src/gf.c:2419
_include at ./loading.jl:1148
include at ./Base.jl:386
_jl_invoke at /buildworker/worker/package_linux64/build/src/gf.c:2237 [inlined]
jl_apply_generic at /buildworker/worker/package_linux64/build/src/gf.c:2419
exec_options at ./client.jl:285
_start at ./client.jl:485
jfptr__start_34289.clone_1 at /usr/local/julia/lib/julia/sys.so (unknown line)
_jl_invoke at /buildworker/worker/package_linux64/build/src/gf.c:2237 [inlined]
jl_apply_generic at /buildworker/worker/package_linux64/build/src/gf.c:2419
jl_apply at /buildworker/worker/package_linux64/build/src/julia.h:1703 [inlined]
true_main at /buildworker/worker/package_linux64/build/src/jlapi.c:560
repl_entrypoint at /buildworker/worker/package_linux64/build/src/jlapi.c:702
main at /buildworker/worker/package_linux64/build/cli/loader_exe.c:51
__libc_start_main at /lib/x86_64-linux-gnu/libc.so.6 (unknown line)
_start at /usr/local/julia/bin/julia (unknown line)
unknown function (ip: (nil))
Allocations: 552041675 (Pool: 550834421; Big: 1207254); GC: 1341686
job chain: leave_time activated, exit code 124
job chain did not finish
job chain: pickup from permanent checkpoint
niter0 = 3800
Submitted batch job 1401155
