expr: syntax error: missing argument after ‘-’
received from SLURM HECACC=n02-NES010475,IMGNAME=julia_container_v1_6.img,JDEPOT=/work/n02/n02/aleey/wavi/WAVIhpc/.julia,JOBNO=009,TIMEQSTART=
┌ Warning: read type Model{Float64, Int64, Matrix{Float64}, Matrix{Float64}, UniformMeltRate{Float64}, M} where M<:WAVI.AbstractMeltRate is not a leaf type in workspace; reconstructing
└ @ JLD2 /opt/julia/packages/JLD2/k9Gt0/src/data/reconstructing_datatypes.jl:237
┌ Warning: read type Params{Float64, Matrix{Float64}, Matrix{Float64}, G} where G is not a leaf type in workspace; reconstructing
└ @ JLD2 /opt/julia/packages/JLD2/k9Gt0/src/data/reconstructing_datatypes.jl:237
ERROR: LoadError: Pickup error, terminating run
Stacktrace:
 [1] error(s::String)
   @ Base ./error.jl:33
 [2] pickup!(simulation::Simulation{Model{Float64, Int64, Matrix{Float64}, Matrix{Float64}, Matrix{Float64}, UniformMeltRate{Float64}}, TimesteppingParams{Float64, Int64, Int64, Int64, Int64}, OutputParams{Float64, Int64, NamedTuple{(:h, :u, :v, :b, :s, :h_mask, :visc_av, :visc, :weertman_c, :grounded_frac, :av_speed, :melt, :dhdt, :beta2, :accumulation, :bed_speed, :tau_bed, :haf), Tuple{Matrix{Float64}, Matrix{Float64}, Matrix{Float64}, Matrix{Float64}, Matrix{Float64}, Matrix{Bool}, Matrix{Float64}, Array{Float64, 3}, Matrix{Float64}, Matrix{Float64}, Matrix{Float64}, Matrix{Float64}, Matrix{Float64}, Matrix{Float64}, Matrix{Float64}, Matrix{Float64}, Matrix{Float64}, Matrix{Float64}}}}, WAVI.Clock{Float64, Int64}}, pickup_output_update_flag::Bool)
   @ WAVI /opt/julia/packages/WAVI/8QcGk/src/Simulations/Simulation.jl:83
 [3] #Simulation#71
   @ /opt/julia/packages/WAVI/8QcGk/src/Simulations/Simulation.jl:46 [inlined]
 [4] driver()
   @ Main /mnt/lustre/a2fs-work2/work/n02/n02/aleey/wavi/WAVIhpc/cases/PIG-Thwaites-Relax/cases/INVREL_009/run/driver.jl:172
 [5] top-level scope
   @ /mnt/lustre/a2fs-work2/work/n02/n02/aleey/wavi/WAVIhpc/cases/PIG-Thwaites-Relax/cases/INVREL_009/run/driver.jl:186
in expression starting at /mnt/lustre/a2fs-work2/work/n02/n02/aleey/wavi/WAVIhpc/cases/PIG-Thwaites-Relax/cases/INVREL_009/run/driver.jl:186

caused by: MethodError: Cannot `convert` an object of type JLD2.ReconstructedTypes.var"##Model{Float64, Int64, Matrix{Float64}, Matrix{Float64}, UniformMeltRate{Float64}, M} where M<:WAVI.AbstractMeltRate#258" to an object of type Model{Float64, Int64, Matrix{Float64}, Matrix{Float64}, Matrix{Float64}, UniformMeltRate{Float64}}
Closest candidates are:
  convert(::Type{T}, !Matched::T) where T at essentials.jl:205
  Model{T, N, A, W, G, M}(::Any, !Matched::Any, !Matched::Any, !Matched::Any, !Matched::Any, !Matched::Any) where {T<:Real, N<:Integer, A, W, G, M<:WAVI.AbstractMeltRate} at /opt/julia/packages/WAVI/8QcGk/src/Models/Model.jl:2
Stacktrace:
 [1] setproperty!(x::Simulation{Model{Float64, Int64, Matrix{Float64}, Matrix{Float64}, Matrix{Float64}, UniformMeltRate{Float64}}, TimesteppingParams{Float64, Int64, Int64, Int64, Int64}, OutputParams{Float64, Int64, NamedTuple{(:h, :u, :v, :b, :s, :h_mask, :visc_av, :visc, :weertman_c, :grounded_frac, :av_speed, :melt, :dhdt, :beta2, :accumulation, :bed_speed, :tau_bed, :haf), Tuple{Matrix{Float64}, Matrix{Float64}, Matrix{Float64}, Matrix{Float64}, Matrix{Float64}, Matrix{Bool}, Matrix{Float64}, Array{Float64, 3}, Matrix{Float64}, Matrix{Float64}, Matrix{Float64}, Matrix{Float64}, Matrix{Float64}, Matrix{Float64}, Matrix{Float64}, Matrix{Float64}, Matrix{Float64}, Matrix{Float64}}}}, WAVI.Clock{Float64, Int64}}, f::Symbol, v::JLD2.ReconstructedTypes.var"##Model{Float64, Int64, Matrix{Float64}, Matrix{Float64}, UniformMeltRate{Float64}, M} where M<:WAVI.AbstractMeltRate#258")
   @ Base ./Base.jl:34
 [2] pickup!(simulation::Simulation{Model{Float64, Int64, Matrix{Float64}, Matrix{Float64}, Matrix{Float64}, UniformMeltRate{Float64}}, TimesteppingParams{Float64, Int64, Int64, Int64, Int64}, OutputParams{Float64, Int64, NamedTuple{(:h, :u, :v, :b, :s, :h_mask, :visc_av, :visc, :weertman_c, :grounded_frac, :av_speed, :melt, :dhdt, :beta2, :accumulation, :bed_speed, :tau_bed, :haf), Tuple{Matrix{Float64}, Matrix{Float64}, Matrix{Float64}, Matrix{Float64}, Matrix{Float64}, Matrix{Bool}, Matrix{Float64}, Array{Float64, 3}, Matrix{Float64}, Matrix{Float64}, Matrix{Float64}, Matrix{Float64}, Matrix{Float64}, Matrix{Float64}, Matrix{Float64}, Matrix{Float64}, Matrix{Float64}, Matrix{Float64}}}}, WAVI.Clock{Float64, Int64}}, pickup_output_update_flag::Bool)
   @ WAVI /opt/julia/packages/WAVI/8QcGk/src/Simulations/Simulation.jl:79
 [3] #Simulation#71
   @ /opt/julia/packages/WAVI/8QcGk/src/Simulations/Simulation.jl:46 [inlined]
 [4] driver()
   @ Main /mnt/lustre/a2fs-work2/work/n02/n02/aleey/wavi/WAVIhpc/cases/PIG-Thwaites-Relax/cases/INVREL_009/run/driver.jl:172
 [5] top-level scope
   @ /mnt/lustre/a2fs-work2/work/n02/n02/aleey/wavi/WAVIhpc/cases/PIG-Thwaites-Relax/cases/INVREL_009/run/driver.jl:186
Starting to make the modelAbout to make simulationdetected niter0 > 0 (niter0 = 4140). Looking for pickup...
Pickup successful
job chain: leave_time activated, exit code 1
job chain: fail, simulation died, exit code 1
