expr: syntax error: missing argument after ‘-’
received from SLURM HECACC=n02-NES010475,IMGNAME=julia_container_v1_6.img,JDEPOT=/work/n02/n02/aleey/wavi/WAVIhpc/.julia,JOBNO=015,TIMEQSTART=

signal (15): Terminated
in expression starting at /mnt/lustre/a2fs-work2/work/n02/n02/aleey/wavi/WAVIhpc/cases/PIG-Thwaites-Relax/cases/INVREL_015/run/driver.jl:186
sweep_malloced_arrays at /buildworker/worker/package_linux64/build/src/gc.c:1127 [inlined]
gc_sweep_other at /buildworker/worker/package_linux64/build/src/gc.c:1468 [inlined]
_jl_gc_collect at /buildworker/worker/package_linux64/build/src/gc.c:3145
jl_gc_collect at /buildworker/worker/package_linux64/build/src/gc.c:3241
maybe_collect at /buildworker/worker/package_linux64/build/src/gc.c:880 [inlined]
jl_gc_pool_alloc at /buildworker/worker/package_linux64/build/src/gc.c:1204
jl_gc_alloc_ at /buildworker/worker/package_linux64/build/src/julia_internal.h:285 [inlined]
_new_array_ at /buildworker/worker/package_linux64/build/src/array.c:132 [inlined]
_new_array at /buildworker/worker/package_linux64/build/src/array.c:188 [inlined]
jl_alloc_array_1d at /buildworker/worker/package_linux64/build/src/array.c:459
Array at ./boot.jl:448 [inlined]
vcat at ./array.jl:1721
prolongvec at /opt/julia/packages/WAVI/8QcGk/src/utilities.jl:62
prolong_fun at /opt/julia/packages/WAVI/8QcGk/src/Wavelets/update_preconditioners.jl:19 [inlined]
_unsafe_mul! at /opt/julia/packages/LinearMaps/LuBKV/src/functionmap.jl:114 [inlined]
_compositemul! at /opt/julia/packages/LinearMaps/LuBKV/src/composition.jl:213
_compositemul! at /opt/julia/packages/LinearMaps/LuBKV/src/composition.jl:212 [inlined]
_unsafe_mul! at /opt/julia/packages/LinearMaps/LuBKV/src/composition.jl:168 [inlined]
mul! at /opt/julia/packages/LinearMaps/LuBKV/src/LinearMaps.jl:163
iterate at /opt/julia/packages/IterativeSolvers/rhYBz/src/cg.jl:54
iterate at ./iterators.jl:159 [inlined]
#cg!#23 at /opt/julia/packages/IterativeSolvers/rhYBz/src/cg.jl:234
cg!##kw at /opt/julia/packages/IterativeSolvers/rhYBz/src/cg.jl:218
unknown function (ip: 0x2b93d2b64d48)
_jl_invoke at /buildworker/worker/package_linux64/build/src/gf.c:2237 [inlined]
jl_apply_generic at /buildworker/worker/package_linux64/build/src/gf.c:2419
precondition! at /opt/julia/packages/WAVI/8QcGk/src/Wavelets/update_preconditioners.jl:59
update_velocities! at /opt/julia/packages/WAVI/8QcGk/src/Models/update_velocities.jl:41
update_model_velocities! at /opt/julia/packages/WAVI/8QcGk/src/Models/update_state.jl:155 [inlined]
update_state! at /opt/julia/packages/WAVI/8QcGk/src/Models/update_state.jl:16
timestep! at /opt/julia/packages/WAVI/8QcGk/src/Simulations/run_simulation.jl:8 [inlined]
run_simulation! at /opt/julia/packages/WAVI/8QcGk/src/Simulations/run_simulation.jl:64
driver at /mnt/lustre/a2fs-work2/work/n02/n02/aleey/wavi/WAVIhpc/cases/PIG-Thwaites-Relax/cases/INVREL_015/run/driver.jl:179
unknown function (ip: 0x2b93d2aeb5ec)
_jl_invoke at /buildworker/worker/package_linux64/build/src/gf.c:2237 [inlined]
jl_apply_generic at /buildworker/worker/package_linux64/build/src/gf.c:2419
jl_apply at /buildworker/worker/package_linux64/build/src/julia.h:1703 [inlined]
do_call at /buildworker/worker/package_linux64/build/src/interpreter.c:115
eval_value at /buildworker/worker/package_linux64/build/src/interpreter.c:204
eval_stmt_value at /buildworker/worker/package_linux64/build/src/interpreter.c:155 [inlined]
eval_body at /buildworker/worker/package_linux64/build/src/interpreter.c:562
jl_interpret_toplevel_thunk at /buildworker/worker/package_linux64/build/src/interpreter.c:670
jl_toplevel_eval_flex at /buildworker/worker/package_linux64/build/src/toplevel.c:877
jl_toplevel_eval_flex at /buildworker/worker/package_linux64/build/src/toplevel.c:825
jl_toplevel_eval_in at /buildworker/worker/package_linux64/build/src/toplevel.c:929
eval at ./boot.jl:360 [inlined]
include_string at ./loading.jl:1094
_jl_invoke at /buildworker/worker/package_linux64/build/src/gf.c:2237 [inlined]
jl_apply_generic at /buildworker/worker/package_linux64/build/src/gf.c:2419
_include at ./loading.jl:1148
include at ./Base.jl:386
_jl_invoke at /buildworker/worker/package_linux64/build/src/gf.c:2237 [inlined]
jl_apply_generic at /buildworker/worker/package_linux64/build/src/gf.c:2419
exec_options at ./client.jl:285
_start at ./client.jl:485
jfptr__start_34289.clone_1 at /usr/local/julia/lib/julia/sys.so (unknown line)
_jl_invoke at /buildworker/worker/package_linux64/build/src/gf.c:2237 [inlined]
jl_apply_generic at /buildworker/worker/package_linux64/build/src/gf.c:2419
jl_apply at /buildworker/worker/package_linux64/build/src/julia.h:1703 [inlined]
true_main at /buildworker/worker/package_linux64/build/src/jlapi.c:560
repl_entrypoint at /buildworker/worker/package_linux64/build/src/jlapi.c:702
main at /buildworker/worker/package_linux64/build/cli/loader_exe.c:51
__libc_start_main at /lib/x86_64-linux-gnu/libc.so.6 (unknown line)
_start at /usr/local/julia/bin/julia (unknown line)
unknown function (ip: (nil))
Allocations: 223328483 (Pool: 222989252; Big: 339231); GC: 148715

signal (15): Terminated
in expression starting at /mnt/lustre/a2fs-work2/work/n02/n02/aleey/wavi/WAVIhpc/cases/PIG-Thwaites-Relax/cases/INVREL_015/run/driver.jl:186
setindex! at ./array.jl:839 [inlined]
fill! at ./array.jl:335 [inlined]
mul! at /buildworker/worker/package_linux64/build/usr/share/julia/stdlib/v1.6/SparseArrays/src/linalg.jl:95
mul! at /buildworker/worker/package_linux64/build/usr/share/julia/stdlib/v1.6/LinearAlgebra/src/matmul.jl:275 [inlined]
_unsafe_mul! at /opt/julia/packages/LinearMaps/LuBKV/src/LinearMaps.jl:246 [inlined]
_kronmul! at /opt/julia/packages/LinearMaps/LuBKV/src/kronecker.jl:156 [inlined]
_unsafe_mul! at /opt/julia/packages/LinearMaps/LuBKV/src/kronecker.jl:173
mul! at /opt/julia/packages/LinearMaps/LuBKV/src/LinearMaps.jl:163
* at /opt/julia/packages/LinearMaps/LuBKV/src/LinearMaps.jl:131 [inlined]
opvec at /opt/julia/packages/WAVI/8QcGk/src/utilities.jl:18
op_fun at /opt/julia/packages/WAVI/8QcGk/src/Models/update_velocities.jl:302 [inlined]
_unsafe_mul! at /opt/julia/packages/LinearMaps/LuBKV/src/functionmap.jl:114 [inlined]
_compositemul! at /opt/julia/packages/LinearMaps/LuBKV/src/composition.jl:216
_compositemul! at /opt/julia/packages/LinearMaps/LuBKV/src/composition.jl:212 [inlined]
_unsafe_mul! at /opt/julia/packages/LinearMaps/LuBKV/src/composition.jl:168 [inlined]
mul! at /opt/julia/packages/LinearMaps/LuBKV/src/LinearMaps.jl:163
iterate at /opt/julia/packages/IterativeSolvers/rhYBz/src/cg.jl:54
iterate at ./iterators.jl:159 [inlined]
#cg!#23 at /opt/julia/packages/IterativeSolvers/rhYBz/src/cg.jl:234
cg!##kw at /opt/julia/packages/IterativeSolvers/rhYBz/src/cg.jl:218
unknown function (ip: 0x2b93d2b64d48)
_jl_invoke at /buildworker/worker/package_linux64/build/src/gf.c:2237 [inlined]
jl_apply_generic at /buildworker/worker/package_linux64/build/src/gf.c:2419
precondition! at /opt/julia/packages/WAVI/8QcGk/src/Wavelets/update_preconditioners.jl:59
update_velocities! at /opt/julia/packages/WAVI/8QcGk/src/Models/update_velocities.jl:41
update_model_velocities! at /opt/julia/packages/WAVI/8QcGk/src/Models/update_state.jl:155 [inlined]
update_state! at /opt/julia/packages/WAVI/8QcGk/src/Models/update_state.jl:16
timestep! at /opt/julia/packages/WAVI/8QcGk/src/Simulations/run_simulation.jl:8 [inlined]
run_simulation! at /opt/julia/packages/WAVI/8QcGk/src/Simulations/run_simulation.jl:64
driver at /mnt/lustre/a2fs-work2/work/n02/n02/aleey/wavi/WAVIhpc/cases/PIG-Thwaites-Relax/cases/INVREL_015/run/driver.jl:179
unknown function (ip: 0x2b93d2aeb5ec)
_jl_invoke at /buildworker/worker/package_linux64/build/src/gf.c:2237 [inlined]
jl_apply_generic at /buildworker/worker/package_linux64/build/src/gf.c:2419
jl_apply at /buildworker/worker/package_linux64/build/src/julia.h:1703 [inlined]
do_call at /buildworker/worker/package_linux64/build/src/interpreter.c:115
eval_value at /buildworker/worker/package_linux64/build/src/interpreter.c:204
eval_stmt_value at /buildworker/worker/package_linux64/build/src/interpreter.c:155 [inlined]
eval_body at /buildworker/worker/package_linux64/build/src/interpreter.c:562
jl_interpret_toplevel_thunk at /buildworker/worker/package_linux64/build/src/interpreter.c:670
jl_toplevel_eval_flex at /buildworker/worker/package_linux64/build/src/toplevel.c:877
jl_toplevel_eval_flex at /buildworker/worker/package_linux64/build/src/toplevel.c:825
jl_toplevel_eval_in at /buildworker/worker/package_linux64/build/src/toplevel.c:929
eval at ./boot.jl:360 [inlined]
include_string at ./loading.jl:1094
_jl_invoke at /buildworker/worker/package_linux64/build/src/gf.c:2237 [inlined]
jl_apply_generic at /buildworker/worker/package_linux64/build/src/gf.c:2419
_include at ./loading.jl:1148
include at ./Base.jl:386
_jl_invoke at /buildworker/worker/package_linux64/build/src/gf.c:2237 [inlined]
jl_apply_generic at /buildworker/worker/package_linux64/build/src/gf.c:2419
exec_options at ./client.jl:285
_start at ./client.jl:485
jfptr__start_34289.clone_1 at /usr/local/julia/lib/julia/sys.so (unknown line)
_jl_invoke at /buildworker/worker/package_linux64/build/src/gf.c:2237 [inlined]
jl_apply_generic at /buildworker/worker/package_linux64/build/src/gf.c:2419
jl_apply at /buildworker/worker/package_linux64/build/src/julia.h:1703 [inlined]
true_main at /buildworker/worker/package_linux64/build/src/jlapi.c:560
repl_entrypoint at /buildworker/worker/package_linux64/build/src/jlapi.c:702
main at /buildworker/worker/package_linux64/build/cli/loader_exe.c:51
__libc_start_main at /lib/x86_64-linux-gnu/libc.so.6 (unknown line)
_start at /usr/local/julia/bin/julia (unknown line)
unknown function (ip: (nil))
Allocations: 223329716 (Pool: 222990485; Big: 339231); GC: 148716
job chain: leave_time activated, exit code 124
job chain did not finish
job chain: pickup from permanent checkpoint
niter0 = 4280
Submitted batch job 1501659
