expr: syntax error: missing argument after ‘-’
received from SLURM HECACC=n02-NES010475,IMGNAME=julia_container_v1_6.img,JDEPOT=/work/n02/n02/aleey/wavi/WAVIhpc/.julia,JOBNO=009c,TIMEQSTART=

signal (15): Terminated
in expression starting at /mnt/lustre/a2fs-work2/work/n02/n02/aleey/wavi/WAVIhpc/cases/PIG-Thwaites-Relax/cases/INVREL_009c/run/driver.jl:186
iterate at ./multidimensional.jl:760 [inlined]
iterate at ./multidimensional.jl:743 [inlined]
macro expansion at ./cartesian.jl:62 [inlined]
_unsafe_getindex! at ./multidimensional.jl:855 [inlined]
_unsafe_getindex at ./multidimensional.jl:846
_getindex at ./multidimensional.jl:832 [inlined]
getindex at ./abstractarray.jl:1170 [inlined]
update_wavelets! at /opt/julia/packages/WAVI/8QcGk/src/Wavelets/update_wavelets.jl:23
update_model_wavelets! at /opt/julia/packages/WAVI/8QcGk/src/Models/update_state.jl:197 [inlined]
update_state! at /opt/julia/packages/WAVI/8QcGk/src/Models/update_state.jl:19
timestep! at /opt/julia/packages/WAVI/8QcGk/src/Simulations/run_simulation.jl:8 [inlined]
run_simulation! at /opt/julia/packages/WAVI/8QcGk/src/Simulations/run_simulation.jl:64
driver at /mnt/lustre/a2fs-work2/work/n02/n02/aleey/wavi/WAVIhpc/cases/PIG-Thwaites-Relax/cases/INVREL_009c/run/driver.jl:179
unknown function (ip: 0x2b38e341a05c)
_jl_invoke at /buildworker/worker/package_linux64/build/src/gf.c:2237 [inlined]
jl_apply_generic at /buildworker/worker/package_linux64/build/src/gf.c:2419
jl_apply at /buildworker/worker/package_linux64/build/src/julia.h:1703 [inlined]
do_call at /buildworker/worker/package_linux64/build/src/interpreter.c:115
eval_value at /buildworker/worker/package_linux64/build/src/interpreter.c:204
eval_stmt_value at /buildworker/worker/package_linux64/build/src/interpreter.c:155 [inlined]
eval_body at /buildworker/worker/package_linux64/build/src/interpreter.c:562
jl_interpret_toplevel_thunk at /buildworker/worker/package_linux64/build/src/interpreter.c:670
jl_toplevel_eval_flex at /buildworker/worker/package_linux64/build/src/toplevel.c:877
jl_toplevel_eval_flex at /buildworker/worker/package_linux64/build/src/toplevel.c:825
jl_toplevel_eval_in at /buildworker/worker/package_linux64/build/src/toplevel.c:929
eval at ./boot.jl:360 [inlined]
include_string at ./loading.jl:1094
_jl_invoke at /buildworker/worker/package_linux64/build/src/gf.c:2237 [inlined]
jl_apply_generic at /buildworker/worker/package_linux64/build/src/gf.c:2419
_include at ./loading.jl:1148
include at ./Base.jl:386
_jl_invoke at /buildworker/worker/package_linux64/build/src/gf.c:2237 [inlined]
jl_apply_generic at /buildworker/worker/package_linux64/build/src/gf.c:2419
exec_options at ./client.jl:285
_start at ./client.jl:485
jfptr__start_34289.clone_1 at /usr/local/julia/lib/julia/sys.so (unknown line)
_jl_invoke at /buildworker/worker/package_linux64/build/src/gf.c:2237 [inlined]
jl_apply_generic at /buildworker/worker/package_linux64/build/src/gf.c:2419
jl_apply at /buildworker/worker/package_linux64/build/src/julia.h:1703 [inlined]
true_main at /buildworker/worker/package_linux64/build/src/jlapi.c:560
repl_entrypoint at /buildworker/worker/package_linux64/build/src/jlapi.c:702
main at /buildworker/worker/package_linux64/build/cli/loader_exe.c:51
__libc_start_main at /lib/x86_64-linux-gnu/libc.so.6 (unknown line)
_start at /usr/local/julia/bin/julia (unknown line)
unknown function (ip: (nil))
Allocations: 214327767 (Pool: 214007507; Big: 320260); GC: 135528

signal (15): Terminated
in expression starting at /mnt/lustre/a2fs-work2/work/n02/n02/aleey/wavi/WAVIhpc/cases/PIG-Thwaites-Relax/cases/INVREL_009c/run/driver.jl:186
Starting to make the modelAbout to make simulationdetected niter0 > 0 (niter0 = 7140). Looking for pickup...
Pickup successful
The simulation is mademaking temporary checkpoint at timestep number 7160
making permanent checkpoint at timestep number 7160
making temporary checkpoint at timestep number 7180
making permanent checkpoint at timestep number 7180
making temporary checkpoint at timestep number 7200
making permanent checkpoint at timestep number 7200
outputting at timestep number 7200
making temporary checkpoint at timestep number 7220
making permanent checkpoint at timestep number 7220
making temporary checkpoint at timestep number 7240
making permanent checkpoint at timestep number 7240
making temporary checkpoint at timestep number 7260
making permanent checkpoint at timestep number 7260
making temporary checkpoint at timestep number 7280
making permanent checkpoint at timestep number 7280
making temporary checkpoint at timestep number 7300
making permanent checkpoint at timestep number 7300
making temporary checkpoint at timestep number 7320
making permanent checkpoint at timestep number 7320
making temporary checkpoint at timestep number 7340
making permanent checkpoint at timestep number 7340
making temporary checkpoint at timestep number 7360
making permanent checkpoint at timestep number 7360
making temporary checkpoint at timestep number 7380
making permanent checkpoint at timestep number 7380
making temporary checkpoint at timestep number 7400
making permanent checkpoint at timestep number 7400
outputting at timestep number 7400
making temporary checkpoint at timestep number 7420
making permanent checkpoint at timestep number 7420
making temporary checkpoint at timestep number 7440
making permanent checkpoint at timestep number 7440
making temporary checkpoint at timestep number 7460
making permanent checkpoint at timestep number 7460
making temporary checkpoint at timestep number 7480
making permanent checkpoint at timestep number 7480
making temporary checkpoint at timestep number 7500
making permanent checkpoint at timestep number 7500
making temporary checkpoint at timestep number 7520
making permanent checkpoint at timestep number 7520
making temporary checkpoint at timestep number 7540
making permanent checkpoint at timestep number 7540
making temporary checkpoint at timestep number 7560
making permanent checkpoint at timestep number 7560
making temporary checkpoint at timestep number 7580
making permanent checkpoint at timestep number 7580
making temporary checkpoint at timestep number 7600
making permanent checkpoint at timestep number 7600
outputting at timestep number 7600
making temporary checkpoint at timestep number 7620
making permanent checkpoint at timestep number 7620
cmpxchgi at /workspace/srcdir/libuv/src/unix/atomic-ops.h:34
uv_spinlock_trylock at /workspace/srcdir/libuv/src/unix/spinlock.h:50
uv_tty_reset_mode at /workspace/srcdir/libuv/src/unix/tty.c:383
jl_exit at /buildworker/worker/package_linux64/build/src/jl_uv.c:631
jl_exit_thread0_cb at /buildworker/worker/package_linux64/build/src/signals-unix.c:353
unknown function (ip: (nil))
unknown function (ip: (nil))
Allocations: 214327767 (Pool: 214007507; Big: 320260); GC: 135528
job chain: leave_time activated, exit code 124
job chain did not finish
job chain: pickup from permanent checkpoint
niter0 = 7620
Submitted batch job 1497197
