expr: syntax error: missing argument after ‘-’
received from SLURM HECACC=n02-NES010475,IMGNAME=julia_container_v1_6.img,JDEPOT=/work/n02/n02/aleey/wavi/WAVIhpc/.julia,JOBNO=009c,TIMEQSTART=

signal (15): Terminated
in expression starting at /mnt/lustre/a2fs-work2/work/n02/n02/aleey/wavi/WAVIhpc/cases/PIG-Thwaites-Relax/cases/INVREL_009c/run/driver.jl:186
setindex! at /buildworker/worker/package_linux64/build/usr/share/julia/stdlib/v1.6/SparseArrays/src/sparsematrix.jl:2574 [inlined]
_setindex! at ./abstractarray.jl:1297 [inlined]
setindex! at ./abstractarray.jl:1267 [inlined]
macro expansion at ./multidimensional.jl:860 [inlined]
macro expansion at ./cartesian.jl:64 [inlined]
_unsafe_getindex! at ./multidimensional.jl:855 [inlined]
_unsafe_getindex at ./multidimensional.jl:846
_getindex at ./multidimensional.jl:832 [inlined]
getindex at ./abstractarray.jl:1170 [inlined]
update_wavelets! at /opt/julia/packages/WAVI/8QcGk/src/Wavelets/update_wavelets.jl:23
update_model_wavelets! at /opt/julia/packages/WAVI/8QcGk/src/Models/update_state.jl:197 [inlined]
update_state! at /opt/julia/packages/WAVI/8QcGk/src/Models/update_state.jl:19
timestep! at /opt/julia/packages/WAVI/8QcGk/src/Simulations/run_simulation.jl:8 [inlined]
run_simulation! at /opt/julia/packages/WAVI/8QcGk/src/Simulations/run_simulation.jl:64
driver at /mnt/lustre/a2fs-work2/work/n02/n02/aleey/wavi/WAVIhpc/cases/PIG-Thwaites-Relax/cases/INVREL_009c/run/driver.jl:179
unknown function (ip: 0x2b962be7d04c)
_jl_invoke at /buildworker/worker/package_linux64/build/src/gf.c:2237 [inlined]
jl_apply_generic at /buildworker/worker/package_linux64/build/src/gf.c:2419
jl_apply at /buildworker/worker/package_linux64/build/src/julia.h:1703 [inlined]
do_call at /buildworker/worker/package_linux64/build/src/interpreter.c:115
eval_value at /buildworker/worker/package_linux64/build/src/interpreter.c:204
eval_stmt_value at /buildworker/worker/package_linux64/build/src/interpreter.c:155 [inlined]
eval_body at /buildworker/worker/package_linux64/build/src/interpreter.c:562
jl_interpret_toplevel_thunk at /buildworker/worker/package_linux64/build/src/interpreter.c:670
jl_toplevel_eval_flex at /buildworker/worker/package_linux64/build/src/toplevel.c:877
jl_toplevel_eval_flex at /buildworker/worker/package_linux64/build/src/toplevel.c:825
jl_toplevel_eval_in at /buildworker/worker/package_linux64/build/src/toplevel.c:929
eval at ./boot.jl:360 [inlined]
include_string at ./loading.jl:1094
_jl_invoke at /buildworker/worker/package_linux64/build/src/gf.c:2237 [inlined]
jl_apply_generic at /buildworker/worker/package_linux64/build/src/gf.c:2419
_include at ./loading.jl:1148
include at ./Base.jl:386
_jl_invoke at /buildworker/worker/package_linux64/build/src/gf.c:2237 [inlined]
jl_apply_generic at /buildworker/worker/package_linux64/build/src/gf.c:2419
exec_options at ./client.jl:285
_start at ./client.jl:485
jfptr__start_34289.clone_1 at /usr/local/julia/lib/julia/sys.so (unknown line)
_jl_invoke at /buildworker/worker/package_linux64/build/src/gf.c:2237 [inlined]
jl_apply_generic at /buildworker/worker/package_linux64/build/src/gf.c:2419
jl_apply at /buildworker/worker/package_linux64/build/src/julia.h:1703 [inlined]
true_main at /buildworker/worker/package_linux64/build/src/jlapi.c:560
repl_entrypoint at /buildworker/worker/package_linux64/build/src/jlapi.c:702
main at /buildworker/worker/package_linux64/build/cli/loader_exe.c:51
__libc_start_main at /lib/x86_64-linux-gnu/libc.so.6 (unknown line)
_start at /usr/local/julia/bin/julia (unknown line)
unknown function (ip: (nil))
Allocations: 221486072 (Pool: 221148611; Big: 337461); GC: 141127

signal (15): Terminated
in expression starting at /mnt/lustre/a2fs-work2/work/n02/n02/aleey/wavi/WAVIhpc/cases/PIG-Thwaites-Relax/cases/INVREL_009c/run/driver.jl:186
Starting to make the modelAbout to make simulationdetected niter0 > 0 (niter0 = 4600). Looking for pickup...
Pickup successful
The simulation is mademaking temporary checkpoint at timestep number 4620
making permanent checkpoint at timestep number 4620
making temporary checkpoint at timestep number 4640
making permanent checkpoint at timestep number 4640
making temporary checkpoint at timestep number 4660
making permanent checkpoint at timestep number 4660
making temporary checkpoint at timestep number 4680
making permanent checkpoint at timestep number 4680
making temporary checkpoint at timestep number 4700
making permanent checkpoint at timestep number 4700
making temporary checkpoint at timestep number 4720
making permanent checkpoint at timestep number 4720
making temporary checkpoint at timestep number 4740
making permanent checkpoint at timestep number 4740
making temporary checkpoint at timestep number 4760
making permanent checkpoint at timestep number 4760
making temporary checkpoint at timestep number 4780
making permanent checkpoint at timestep number 4780
making temporary checkpoint at timestep number 4800
making permanent checkpoint at timestep number 4800
outputting at timestep number 4800
making temporary checkpoint at timestep number 4820
making permanent checkpoint at timestep number 4820
making temporary checkpoint at timestep number 4840
making permanent checkpoint at timestep number 4840
making temporary checkpoint at timestep number 4860
making permanent checkpoint at timestep number 4860
making temporary checkpoint at timestep number 4880
making permanent checkpoint at timestep number 4880
making temporary checkpoint at timestep number 4900
making permanent checkpoint at timestep number 4900
making temporary checkpoint at timestep number 4920
making permanent checkpoint at timestep number 4920
making temporary checkpoint at timestep number 4940
making permanent checkpoint at timestep number 4940
making temporary checkpoint at timestep number 4960
making permanent checkpoint at timestep number 4960
making temporary checkpoint at timestep number 4980
making permanent checkpoint at timestep number 4980
making temporary checkpoint at timestep number 5000
making permanent checkpoint at timestep number 5000
outputting at timestep number 5000
making temporary checkpoint at timestep number 5020
making permanent checkpoint at timestep number 5020
making temporary checkpoint at timestep number 5040
making permanent checkpoint at timestep number 5040
making temporary checkpoint at timestep number 5060
making permanent checkpoint at timestep number 5060
making temporary checkpoint at timestep number 5080
making permanent checkpoint at timestep number 5080
making temporary checkpoint at timestep number 5100
making permanent checkpoint at timestep number 5100
making temporary checkpoint at timestep number 5120
making permanent checkpoint at timestep number 5120
uv_tty_reset_mode at /workspace/srcdir/libuv/src/unix/tty.c:378
unknown function (ip: 0x2b95afd82fdf)
jl_exit_thread0_cb at /buildworker/worker/package_linux64/build/src/signals-unix.c:353
unknown function (ip: (nil))
unknown function (ip: (nil))
Allocations: 221486072 (Pool: 221148611; Big: 337461); GC: 141127
job chain: leave_time activated, exit code 124
job chain did not finish
job chain: pickup from permanent checkpoint
niter0 = 5120
Submitted batch job 1470516
