expr: syntax error: missing argument after ‘-’
received from SLURM HECACC=n02-NES010475,IMGNAME=julia_container_v1_6.img,JDEPOT=/work/n02/n02/aleey/wavi/WAVIhpc/.julia,JOBNO=009c,TIMEQSTART=

signal (15): Terminated
in expression starting at /mnt/lustre/a2fs-work2/work/n02/n02/aleey/wavi/WAVIhpc/cases/PIG-Thwaites-Relax/cases/INVREL_009c/run/driver.jl:186
_broadcast_zeropres! at ./int.jl:0
_diffshape_broadcast at /buildworker/worker/package_linux64/build/usr/share/julia/stdlib/v1.6/SparseArrays/src/higherorderfns.jl:195
_copy at /buildworker/worker/package_linux64/build/usr/share/julia/stdlib/v1.6/SparseArrays/src/higherorderfns.jl:1017 [inlined]
copy at /buildworker/worker/package_linux64/build/usr/share/julia/stdlib/v1.6/SparseArrays/src/higherorderfns.jl:1132 [inlined]
materialize at ./broadcast.jl:883 [inlined]
get_rhs at /opt/julia/packages/WAVI/8QcGk/src/Models/update_velocities.jl:81
update_velocities! at /opt/julia/packages/WAVI/8QcGk/src/Models/update_velocities.jl:13
update_model_velocities! at /opt/julia/packages/WAVI/8QcGk/src/Models/update_state.jl:155 [inlined]
update_state! at /opt/julia/packages/WAVI/8QcGk/src/Models/update_state.jl:16
timestep! at /opt/julia/packages/WAVI/8QcGk/src/Simulations/run_simulation.jl:8 [inlined]
run_simulation! at /opt/julia/packages/WAVI/8QcGk/src/Simulations/run_simulation.jl:64
driver at /mnt/lustre/a2fs-work2/work/n02/n02/aleey/wavi/WAVIhpc/cases/PIG-Thwaites-Relax/cases/INVREL_009c/run/driver.jl:179
unknown function (ip: 0x2afc1133a44c)
_jl_invoke at /buildworker/worker/package_linux64/build/src/gf.c:2237 [inlined]
jl_apply_generic at /buildworker/worker/package_linux64/build/src/gf.c:2419
jl_apply at /buildworker/worker/package_linux64/build/src/julia.h:1703 [inlined]
do_call at /buildworker/worker/package_linux64/build/src/interpreter.c:115
eval_value at /buildworker/worker/package_linux64/build/src/interpreter.c:204
eval_stmt_value at /buildworker/worker/package_linux64/build/src/interpreter.c:155 [inlined]
eval_body at /buildworker/worker/package_linux64/build/src/interpreter.c:562
jl_interpret_toplevel_thunk at /buildworker/worker/package_linux64/build/src/interpreter.c:670
jl_toplevel_eval_flex at /buildworker/worker/package_linux64/build/src/toplevel.c:877
jl_toplevel_eval_flex at /buildworker/worker/package_linux64/build/src/toplevel.c:825
jl_toplevel_eval_in at /buildworker/worker/package_linux64/build/src/toplevel.c:929
eval at ./boot.jl:360 [inlined]
include_string at ./loading.jl:1094
_jl_invoke at /buildworker/worker/package_linux64/build/src/gf.c:2237 [inlined]
jl_apply_generic at /buildworker/worker/package_linux64/build/src/gf.c:2419
_include at ./loading.jl:1148
include at ./Base.jl:386
_jl_invoke at /buildworker/worker/package_linux64/build/src/gf.c:2237 [inlined]
jl_apply_generic at /buildworker/worker/package_linux64/build/src/gf.c:2419
exec_options at ./client.jl:285
_start at ./client.jl:485
jfptr__start_34289.clone_1 at /usr/local/julia/lib/julia/sys.so (unknown line)
_jl_invoke at /buildworker/worker/package_linux64/build/src/gf.c:2237 [inlined]
jl_apply_generic at /buildworker/worker/package_linux64/build/src/gf.c:2419
jl_apply at /buildworker/worker/package_linux64/build/src/julia.h:1703 [inlined]
true_main at /buildworker/worker/package_linux64/build/src/jlapi.c:560
repl_entrypoint at /buildworker/worker/package_linux64/build/src/jlapi.c:702
main at /buildworker/worker/package_linux64/build/cli/loader_exe.c:51
__libc_start_main at /lib/x86_64-linux-gnu/libc.so.6 (unknown line)
_start at /usr/local/julia/bin/julia (unknown line)
unknown function (ip: (nil))
Allocations: 220304217 (Pool: 219969083; Big: 335134); GC: 139639

signal (15): Terminated
in expression starting at /mnt/lustre/a2fs-work2/work/n02/n02/aleey/wavi/WAVIhpc/cases/PIG-Thwaites-Relax/cases/INVREL_009c/run/driver.jl:186
Starting to make the modelAbout to make simulationdetected niter0 > 0 (niter0 = 3620). Looking for pickup...
Pickup successful
The simulation is mademaking temporary checkpoint at timestep number 3640
making permanent checkpoint at timestep number 3640
making temporary checkpoint at timestep number 3660
making permanent checkpoint at timestep number 3660
making temporary checkpoint at timestep number 3680
making permanent checkpoint at timestep number 3680
making temporary checkpoint at timestep number 3700
making permanent checkpoint at timestep number 3700
making temporary checkpoint at timestep number 3720
making permanent checkpoint at timestep number 3720
making temporary checkpoint at timestep number 3740
making permanent checkpoint at timestep number 3740
making temporary checkpoint at timestep number 3760
making permanent checkpoint at timestep number 3760
making temporary checkpoint at timestep number 3780
making permanent checkpoint at timestep number 3780
making temporary checkpoint at timestep number 3800
making permanent checkpoint at timestep number 3800
outputting at timestep number 3800
making temporary checkpoint at timestep number 3820
making permanent checkpoint at timestep number 3820
making temporary checkpoint at timestep number 3840
making permanent checkpoint at timestep number 3840
making temporary checkpoint at timestep number 3860
making permanent checkpoint at timestep number 3860
making temporary checkpoint at timestep number 3880
making permanent checkpoint at timestep number 3880
making temporary checkpoint at timestep number 3900
making permanent checkpoint at timestep number 3900
making temporary checkpoint at timestep number 3920
making permanent checkpoint at timestep number 3920
making temporary checkpoint at timestep number 3940
making permanent checkpoint at timestep number 3940
making temporary checkpoint at timestep number 3960
making permanent checkpoint at timestep number 3960
making temporary checkpoint at timestep number 3980
making permanent checkpoint at timestep number 3980
making temporary checkpoint at timestep number 4000
making permanent checkpoint at timestep number 4000
outputting at timestep number 4000
making temporary checkpoint at timestep number 4020
making permanent checkpoint at timestep number 4020
making temporary checkpoint at timestep number 4040
making permanent checkpoint at timestep number 4040
making temporary checkpoint at timestep number 4060
making permanent checkpoint at timestep number 4060
making temporary checkpoint at timestep number 4080
making permanent checkpoint at timestep number 4080
making temporary checkpoint at timestep number 4100
making permanent checkpoint at timestep number 4100
making temporary checkpoint at timestep number 4120
making permanent checkpoint at timestep number 4120
jl_exit at /buildworker/worker/package_linux64/build/src/jl_uv.c:630
unknown function (ip: 0x2afb9924bfef)
unknown function (ip: (nil))
unknown function (ip: (nil))
Allocations: 220304217 (Pool: 219969083; Big: 335134); GC: 139639
job chain: leave_time activated, exit code 124
job chain did not finish
job chain: pickup from permanent checkpoint
niter0 = 4120
Submitted batch job 1460971
