expr: syntax error: missing argument after ‘-’
received from SLURM HECACC=n02-NES010475,IMGNAME=julia_container_v1_6.img,JDEPOT=/work/n02/n02/aleey/wavi/WAVIhpc/.julia,JOBNO=009c,TIMEQSTART=

signal (15): Terminated
in expression starting at /mnt/lustre/a2fs-work2/work/n02/n02/aleey/wavi/WAVIhpc/cases/PIG-Thwaites-Relax/cases/INVREL_009c/run/driver.jl:186
iterate at ./multidimensional.jl:760 [inlined]
macro expansion at ./cartesian.jl:65 [inlined]
_unsafe_getindex! at ./multidimensional.jl:855 [inlined]
_unsafe_getindex at ./multidimensional.jl:846
_getindex at ./multidimensional.jl:832 [inlined]
getindex at ./abstractarray.jl:1170 [inlined]
update_wavelets! at /opt/julia/packages/WAVI/8QcGk/src/Wavelets/update_wavelets.jl:22
update_model_wavelets! at /opt/julia/packages/WAVI/8QcGk/src/Models/update_state.jl:197 [inlined]
update_state! at /opt/julia/packages/WAVI/8QcGk/src/Models/update_state.jl:19
timestep! at /opt/julia/packages/WAVI/8QcGk/src/Simulations/run_simulation.jl:8 [inlined]
run_simulation! at /opt/julia/packages/WAVI/8QcGk/src/Simulations/run_simulation.jl:64
driver at /mnt/lustre/a2fs-work2/work/n02/n02/aleey/wavi/WAVIhpc/cases/PIG-Thwaites-Relax/cases/INVREL_009c/run/driver.jl:179
unknown function (ip: 0x2b22748b7b4c)
_jl_invoke at /buildworker/worker/package_linux64/build/src/gf.c:2237 [inlined]
jl_apply_generic at /buildworker/worker/package_linux64/build/src/gf.c:2419
jl_apply at /buildworker/worker/package_linux64/build/src/julia.h:1703 [inlined]
do_call at /buildworker/worker/package_linux64/build/src/interpreter.c:115
eval_value at /buildworker/worker/package_linux64/build/src/interpreter.c:204
eval_stmt_value at /buildworker/worker/package_linux64/build/src/interpreter.c:155 [inlined]
eval_body at /buildworker/worker/package_linux64/build/src/interpreter.c:562
jl_interpret_toplevel_thunk at /buildworker/worker/package_linux64/build/src/interpreter.c:670
jl_toplevel_eval_flex at /buildworker/worker/package_linux64/build/src/toplevel.c:877
jl_toplevel_eval_flex at /buildworker/worker/package_linux64/build/src/toplevel.c:825
jl_toplevel_eval_in at /buildworker/worker/package_linux64/build/src/toplevel.c:929
eval at ./boot.jl:360 [inlined]
include_string at ./loading.jl:1094
_jl_invoke at /buildworker/worker/package_linux64/build/src/gf.c:2237 [inlined]
jl_apply_generic at /buildworker/worker/package_linux64/build/src/gf.c:2419
_include at ./loading.jl:1148
include at ./Base.jl:386
_jl_invoke at /buildworker/worker/package_linux64/build/src/gf.c:2237 [inlined]
jl_apply_generic at /buildworker/worker/package_linux64/build/src/gf.c:2419
exec_options at ./client.jl:285
_start at ./client.jl:485
jfptr__start_34289.clone_1 at /usr/local/julia/lib/julia/sys.so (unknown line)
_jl_invoke at /buildworker/worker/package_linux64/build/src/gf.c:2237 [inlined]
jl_apply_generic at /buildworker/worker/package_linux64/build/src/gf.c:2419
jl_apply at /buildworker/worker/package_linux64/build/src/julia.h:1703 [inlined]
true_main at /buildworker/worker/package_linux64/build/src/jlapi.c:560
repl_entrypoint at /buildworker/worker/package_linux64/build/src/jlapi.c:702
main at /buildworker/worker/package_linux64/build/cli/loader_exe.c:51
__libc_start_main at /lib/x86_64-linux-gnu/libc.so.6 (unknown line)
_start at /usr/local/julia/bin/julia (unknown line)
unknown function (ip: (nil))
Allocations: 212731001 (Pool: 212414616; Big: 316385); GC: 132613

signal (15): Terminated
in expression starting at /mnt/lustre/a2fs-work2/work/n02/n02/aleey/wavi/WAVIhpc/cases/PIG-Thwaites-Relax/cases/INVREL_009c/run/driver.jl:186
Starting to make the modelAbout to make simulationdetected niter0 > 0 (niter0 = 8120). Looking for pickup...
Pickup successful
The simulation is mademaking temporary checkpoint at timestep number 8140
making permanent checkpoint at timestep number 8140
making temporary checkpoint at timestep number 8160
making permanent checkpoint at timestep number 8160
making temporary checkpoint at timestep number 8180
making permanent checkpoint at timestep number 8180
making temporary checkpoint at timestep number 8200
making permanent checkpoint at timestep number 8200
outputting at timestep number 8200
making temporary checkpoint at timestep number 8220
making permanent checkpoint at timestep number 8220
making temporary checkpoint at timestep number 8240
making permanent checkpoint at timestep number 8240
making temporary checkpoint at timestep number 8260
making permanent checkpoint at timestep number 8260
making temporary checkpoint at timestep number 8280
making permanent checkpoint at timestep number 8280
making temporary checkpoint at timestep number 8300
making permanent checkpoint at timestep number 8300
making temporary checkpoint at timestep number 8320
making permanent checkpoint at timestep number 8320
making temporary checkpoint at timestep number 8340
making permanent checkpoint at timestep number 8340
making temporary checkpoint at timestep number 8360
making permanent checkpoint at timestep number 8360
making temporary checkpoint at timestep number 8380
making permanent checkpoint at timestep number 8380
making temporary checkpoint at timestep number 8400
making permanent checkpoint at timestep number 8400
outputting at timestep number 8400
making temporary checkpoint at timestep number 8420
making permanent checkpoint at timestep number 8420
making temporary checkpoint at timestep number 8440
making permanent checkpoint at timestep number 8440
making temporary checkpoint at timestep number 8460
making permanent checkpoint at timestep number 8460
making temporary checkpoint at timestep number 8480
making permanent checkpoint at timestep number 8480
making temporary checkpoint at timestep number 8500
making permanent checkpoint at timestep number 8500
making temporary checkpoint at timestep number 8520
making permanent checkpoint at timestep number 8520
making temporary checkpoint at timestep number 8540
making permanent checkpoint at timestep number 8540
making temporary checkpoint at timestep number 8560
making permanent checkpoint at timestep number 8560
making temporary checkpoint at timestep number 8580
making permanent checkpoint at timestep number 8580
making temporary checkpoint at timestep number 8600
making permanent checkpoint at timestep number 8600
outputting at timestep number 8600
uv_tty_reset_mode at /workspace/srcdir/libuv/src/unix/tty.c:378
unknown function (ip: 0x2b21fcb25fdf)
jl_exit_thread0_cb at /buildworker/worker/package_linux64/build/src/signals-unix.c:353
unknown function (ip: (nil))
unknown function (ip: (nil))
Allocations: 212731001 (Pool: 212414616; Big: 316385); GC: 132613
job chain: leave_time activated, exit code 124
job chain did not finish
job chain: pickup from permanent checkpoint
niter0 = 8600
Submitted batch job 1511305
