expr: syntax error: missing argument after ‘-’
received from SLURM HECACC=n02-NES010475,IMGNAME=julia_container_v1_6.img,JDEPOT=/work/n02/n02/aleey/wavi/WAVIhpc/.julia,JOBNO=008,TIMEQSTART=

signal (15): Terminated
in expression starting at /mnt/lustre/a2fs-work2/work/n02/n02/aleey/wavi/WAVIhpc/cases/PIG-Thwaites-Relax/cases/INVREL_008/run/driver.jl:186
== at ./promotion.jl:410 [inlined]
iterate at ./range.jl:674 [inlined]
iterate at ./indices.jl:491 [inlined]
iterate at ./multidimensional.jl:758 [inlined]
macro expansion at ./cartesian.jl:65 [inlined]
_unsafe_getindex! at ./multidimensional.jl:855 [inlined]
_unsafe_getindex at ./multidimensional.jl:846
_getindex at ./multidimensional.jl:832 [inlined]
getindex at ./abstractarray.jl:1170 [inlined]
update_wavelets! at /opt/julia/packages/WAVI/us1O6/src/Wavelets/update_wavelets.jl:22
update_model_wavelets! at /opt/julia/packages/WAVI/us1O6/src/Models/update_state.jl:197 [inlined]
update_state! at /opt/julia/packages/WAVI/us1O6/src/Models/update_state.jl:19
timestep! at /opt/julia/packages/WAVI/us1O6/src/Simulations/run_simulation.jl:8 [inlined]
run_simulation! at /opt/julia/packages/WAVI/us1O6/src/Simulations/run_simulation.jl:64
driver at /mnt/lustre/a2fs-work2/work/n02/n02/aleey/wavi/WAVIhpc/cases/PIG-Thwaites-Relax/cases/INVREL_008/run/driver.jl:179
unknown function (ip: 0x2b590a39cacc)
_jl_invoke at /buildworker/worker/package_linux64/build/src/gf.c:2237 [inlined]
jl_apply_generic at /buildworker/worker/package_linux64/build/src/gf.c:2419
jl_apply at /buildworker/worker/package_linux64/build/src/julia.h:1703 [inlined]
do_call at /buildworker/worker/package_linux64/build/src/interpreter.c:115
eval_value at /buildworker/worker/package_linux64/build/src/interpreter.c:204
eval_stmt_value at /buildworker/worker/package_linux64/build/src/interpreter.c:155 [inlined]
eval_body at /buildworker/worker/package_linux64/build/src/interpreter.c:562
jl_interpret_toplevel_thunk at /buildworker/worker/package_linux64/build/src/interpreter.c:670
jl_toplevel_eval_flex at /buildworker/worker/package_linux64/build/src/toplevel.c:877
jl_toplevel_eval_flex at /buildworker/worker/package_linux64/build/src/toplevel.c:825
jl_toplevel_eval_in at /buildworker/worker/package_linux64/build/src/toplevel.c:929
eval at ./boot.jl:360 [inlined]
include_string at ./loading.jl:1094
_jl_invoke at /buildworker/worker/package_linux64/build/src/gf.c:2237 [inlined]
jl_apply_generic at /buildworker/worker/package_linux64/build/src/gf.c:2419
_include at ./loading.jl:1148
include at ./Base.jl:386
_jl_invoke at /buildworker/worker/package_linux64/build/src/gf.c:2237 [inlined]
jl_apply_generic at /buildworker/worker/package_linux64/build/src/gf.c:2419
exec_options at ./client.jl:285
_start at ./client.jl:485
jfptr__start_34289.clone_1 at /usr/local/julia/lib/julia/sys.so (unknown line)
_jl_invoke at /buildworker/worker/package_linux64/build/src/gf.c:2237 [inlined]
jl_apply_generic at /buildworker/worker/package_linux64/build/src/gf.c:2419
jl_apply at /buildworker/worker/package_linux64/build/src/julia.h:1703 [inlined]
true_main at /buildworker/worker/package_linux64/build/src/jlapi.c:560
repl_entrypoint at /buildworker/worker/package_linux64/build/src/jlapi.c:702
main at /buildworker/worker/package_linux64/build/cli/loader_exe.c:51
__libc_start_main at /lib/x86_64-linux-gnu/libc.so.6 (unknown line)
_start at /usr/local/julia/bin/julia (unknown line)
unknown function (ip: (nil))
Allocations: 222244823 (Pool: 221908331; Big: 336492); GC: 140282

signal (15): Terminated
in expression starting at /mnt/lustre/a2fs-work2/work/n02/n02/aleey/wavi/WAVIhpc/cases/PIG-Thwaites-Relax/cases/INVREL_008/run/driver.jl:186
Starting to make the modelAbout to make simulationdetected niter0 > 0 (niter0 = 520). Looking for pickup...
Pickup successful
The simulation is mademaking temporary checkpoint at timestep number 540
making permanent checkpoint at timestep number 540
making temporary checkpoint at timestep number 560
making permanent checkpoint at timestep number 560
making temporary checkpoint at timestep number 580
making permanent checkpoint at timestep number 580
making temporary checkpoint at timestep number 600
making permanent checkpoint at timestep number 600
outputting at timestep number 600
making temporary checkpoint at timestep number 620
making permanent checkpoint at timestep number 620
making temporary checkpoint at timestep number 640
making permanent checkpoint at timestep number 640
making temporary checkpoint at timestep number 660
making permanent checkpoint at timestep number 660
making temporary checkpoint at timestep number 680
making permanent checkpoint at timestep number 680
making temporary checkpoint at timestep number 700
making permanent checkpoint at timestep number 700
making temporary checkpoint at timestep number 720
making permanent checkpoint at timestep number 720
making temporary checkpoint at timestep number 740
making permanent checkpoint at timestep number 740
making temporary checkpoint at timestep number 760
making permanent checkpoint at timestep number 760
making temporary checkpoint at timestep number 780
making permanent checkpoint at timestep number 780
making temporary checkpoint at timestep number 800
making permanent checkpoint at timestep number 800
outputting at timestep number 800
making temporary checkpoint at timestep number 820
making permanent checkpoint at timestep number 820
making temporary checkpoint at timestep number 840
making permanent checkpoint at timestep number 840
making temporary checkpoint at timestep number 860
making permanent checkpoint at timestep number 860
making temporary checkpoint at timestep number 880
making permanent checkpoint at timestep number 880
making temporary checkpoint at timestep number 900
making permanent checkpoint at timestep number 900
making temporary checkpoint at timestep number 920
making permanent checkpoint at timestep number 920
making temporary checkpoint at timestep number 940
making permanent checkpoint at timestep number 940
making temporary checkpoint at timestep number 960
making permanent checkpoint at timestep number 960
making temporary checkpoint at timestep number 980
making permanent checkpoint at timestep number 980
making temporary checkpoint at timestep number 1000
making permanent checkpoint at timestep number 1000
outputting at timestep number 1000
making temporary checkpoint at timestep number 1020
making permanent checkpoint at timestep number 1020
making temporary checkpoint at timestep number 1040
making permanent checkpoint at timestep number 1040
jl_atexit_hook at /buildworker/worker/package_linux64/build/src/init.c:205
jl_exit at /buildworker/worker/package_linux64/build/src/jl_uv.c:632
jl_exit_thread0_cb at /buildworker/worker/package_linux64/build/src/signals-unix.c:353
unknown function (ip: (nil))
unknown function (ip: (nil))
Allocations: 222244823 (Pool: 221908331; Big: 336492); GC: 140282
job chain: leave_time activated, exit code 124
job chain did not finish
job chain: pickup from permanent checkpoint
niter0 = 1040
Submitted batch job 1374223
